0 info it worked if it ends with ok
1 verbose cli [ '/Users/joshua/.usr/bin/node',
1 verbose cli   '/Users/joshua/.usr/bin/npm',
1 verbose cli   'install',
1 verbose cli   'node-inspector',
1 verbose cli   'node-modules/.bin' ]
2 info using npm@1.4.28
3 info using node@v0.10.33
4 verbose readDependencies using package.json deps
5 verbose cache add [ 'node-inspector', null ]
6 verbose cache add name=undefined spec="node-inspector" args=["node-inspector",null]
7 verbose parsed url { protocol: null,
7 verbose parsed url   slashes: null,
7 verbose parsed url   auth: null,
7 verbose parsed url   host: null,
7 verbose parsed url   port: null,
7 verbose parsed url   hostname: null,
7 verbose parsed url   hash: null,
7 verbose parsed url   search: null,
7 verbose parsed url   query: null,
7 verbose parsed url   pathname: 'node-inspector',
7 verbose parsed url   path: 'node-inspector',
7 verbose parsed url   href: 'node-inspector' }
8 verbose cache add [ 'node-modules/.bin', null ]
9 verbose cache add name=undefined spec="node-modules/.bin" args=["node-modules/.bin",null]
10 verbose parsed url { protocol: null,
10 verbose parsed url   slashes: null,
10 verbose parsed url   auth: null,
10 verbose parsed url   host: null,
10 verbose parsed url   port: null,
10 verbose parsed url   hostname: null,
10 verbose parsed url   hash: null,
10 verbose parsed url   search: null,
10 verbose parsed url   query: null,
10 verbose parsed url   pathname: 'node-modules/.bin',
10 verbose parsed url   path: 'node-modules/.bin',
10 verbose parsed url   href: 'node-modules/.bin' }
11 silly lockFile 4198ef9e-node-inspector node-inspector
12 verbose lock node-inspector /Users/joshua/.npm/4198ef9e-node-inspector.lock
13 silly lockFile 75acd5be-node-modules-bin node-modules/.bin
14 verbose lock node-modules/.bin /Users/joshua/.npm/75acd5be-node-modules-bin.lock
15 silly lockFile 4198ef9e-node-inspector node-inspector
16 silly lockFile 4198ef9e-node-inspector node-inspector
17 info maybeGithub Attempting node-modules/.bin from git://github.com/node-modules/.bin
18 silly lockFile 7f9dca7c-git-github-com-node-modules-bin git://github.com/node-modules/.bin
19 verbose lock git://github.com/node-modules/.bin /Users/joshua/.npm/7f9dca7c-git-github-com-node-modules-bin.lock
20 verbose addNamed [ 'node-inspector', '' ]
21 verbose addNamed [ null, '*' ]
22 silly lockFile e68b88da-node-inspector node-inspector@
23 verbose lock node-inspector@ /Users/joshua/.npm/e68b88da-node-inspector.lock
24 verbose addRemoteGit [ 'git://github.com/node-modules/.bin', 'master' ]
25 silly addNameRange { name: 'node-inspector', range: '*', hasData: false }
26 verbose request where is /node-inspector
27 verbose request registry https://registry.npmjs.org/
28 verbose request id 27ec5f0559348fe5
29 verbose url raw /node-inspector
30 verbose url resolving [ 'https://registry.npmjs.org/', './node-inspector' ]
31 verbose url resolved https://registry.npmjs.org/node-inspector
32 verbose request where is https://registry.npmjs.org/node-inspector
33 info trying registry request attempt 1 at 18:14:04
34 verbose etag "34JVKMPN0QB0N96BJGB57CTNK"
35 http GET https://registry.npmjs.org/node-inspector
36 http 304 https://registry.npmjs.org/node-inspector
37 silly registry.get cb [ 304,
37 silly registry.get   { date: 'Wed, 21 Jan 2015 02:14:33 GMT',
37 silly registry.get     server: 'Apache',
37 silly registry.get     via: '1.1 varnish',
37 silly registry.get     'last-modified': 'Wed, 21 Jan 2015 02:14:33 GMT',
37 silly registry.get     'cache-control': 'max-age=60',
37 silly registry.get     etag: '"34JVKMPN0QB0N96BJGB57CTNK"',
37 silly registry.get     age: '0',
37 silly registry.get     'x-served-by': 'cache-sjc3122-SJC',
37 silly registry.get     'x-cache': 'HIT',
37 silly registry.get     'x-cache-hits': '1',
37 silly registry.get     'x-timer': 'S1421806473.446699,VS0,VE88',
37 silly registry.get     vary: 'Accept',
37 silly registry.get     'content-length': '0',
37 silly registry.get     'keep-alive': 'timeout=10, max=50',
37 silly registry.get     connection: 'Keep-Alive' } ]
38 verbose etag https://registry.npmjs.org/node-inspector from cache
39 verbose git clone git://github.com/node-modules/.bin Cloning into bare repository '/Users/joshua/.npm/_git-remotes/git-github-com-node-modules-bin-7f9dca7c'...
39 verbose git clone git://github.com/node-modules/.bin fatal: remote error:
39 verbose git clone git://github.com/node-modules/.bin   Repository not found.
40 silly lockFile 7f9dca7c-git-github-com-node-modules-bin git://github.com/node-modules/.bin
41 silly lockFile 7f9dca7c-git-github-com-node-modules-bin git://github.com/node-modules/.bin
42 info maybeGithub Attempting node-modules/.bin from git+ssh://git@github.com:node-modules/.bin
43 silly lockFile 08998765-git-github-com-node-modules-bin git@github.com:node-modules/.bin
44 verbose lock git@github.com:node-modules/.bin /Users/joshua/.npm/08998765-git-github-com-node-modules-bin.lock
45 verbose addRemoteGit [ 'git@github.com:node-modules/.bin', 'master' ]
46 silly addNameRange number 2 { name: 'node-inspector', range: '*', hasData: true }
47 silly addNameRange versions [ 'node-inspector',
47 silly addNameRange   [ '0.0.1',
47 silly addNameRange     '0.0.2',
47 silly addNameRange     '0.0.3',
47 silly addNameRange     '0.0.4',
47 silly addNameRange     '0.1.0',
47 silly addNameRange     '0.1.1',
47 silly addNameRange     '0.1.2',
47 silly addNameRange     '0.1.3',
47 silly addNameRange     '0.1.4',
47 silly addNameRange     '0.1.5',
47 silly addNameRange     '0.1.6',
47 silly addNameRange     '0.1.7',
47 silly addNameRange     '0.1.8',
47 silly addNameRange     '0.1.9',
47 silly addNameRange     '0.1.10',
47 silly addNameRange     '0.3.0',
47 silly addNameRange     '0.3.1',
47 silly addNameRange     '0.3.2',
47 silly addNameRange     '0.3.3',
47 silly addNameRange     '0.3.4',
47 silly addNameRange     '0.4.0',
47 silly addNameRange     '0.5.0',
47 silly addNameRange     '0.6.0',
47 silly addNameRange     '0.6.1',
47 silly addNameRange     '0.6.2',
47 silly addNameRange     '0.7.0-1',
47 silly addNameRange     '0.2.0-beta1',
47 silly addNameRange     '0.2.0-beta2',
47 silly addNameRange     '0.2.0-beta3',
47 silly addNameRange     '0.2.0-beta4',
47 silly addNameRange     '0.3.0-preview1',
47 silly addNameRange     '0.7.0-2',
47 silly addNameRange     '0.7.0',
47 silly addNameRange     '0.7.1',
47 silly addNameRange     '0.7.2',
47 silly addNameRange     '0.7.3',
47 silly addNameRange     '0.7.4',
47 silly addNameRange     '0.8.0',
47 silly addNameRange     '0.8.1',
47 silly addNameRange     '0.8.3' ] ]
48 verbose addNamed [ 'node-inspector', '0.8.3' ]
49 verbose addNamed [ '0.8.3', '0.8.3' ]
50 silly lockFile 81aa846c-node-inspector-0-8-3 node-inspector@0.8.3
51 verbose lock node-inspector@0.8.3 /Users/joshua/.npm/81aa846c-node-inspector-0-8-3.lock
52 silly lockFile 81aa846c-node-inspector-0-8-3 node-inspector@0.8.3
53 silly lockFile 81aa846c-node-inspector-0-8-3 node-inspector@0.8.3
54 silly lockFile e68b88da-node-inspector node-inspector@
55 silly lockFile e68b88da-node-inspector node-inspector@
56 error git clone git@github.com:node-modules/.bin Cloning into bare repository '/Users/joshua/.npm/_git-remotes/git-github-com-node-modules-bin-08998765'...
56 error git clone git@github.com:node-modules/.bin ERROR: Repository not found.
56 error git clone git@github.com:node-modules/.bin fatal: Could not read from remote repository.
56 error git clone git@github.com:node-modules/.bin
56 error git clone git@github.com:node-modules/.bin Please make sure you have the correct access rights
56 error git clone git@github.com:node-modules/.bin and the repository exists.
57 silly lockFile 08998765-git-github-com-node-modules-bin git@github.com:node-modules/.bin
58 silly lockFile 08998765-git-github-com-node-modules-bin git@github.com:node-modules/.bin
59 silly lockFile 75acd5be-node-modules-bin node-modules/.bin
60 silly lockFile 75acd5be-node-modules-bin node-modules/.bin
61 error addLocal Could not install node-modules/.bin
62 error Error: ENOENT, stat 'node-modules/.bin'
63 error If you need help, you may report this *entire* log,
63 error including the npm and node versions, at:
63 error     <http://github.com/npm/npm/issues>
64 error System Darwin 14.0.0
65 error command "/Users/joshua/.usr/bin/node" "/Users/joshua/.usr/bin/npm" "install" "node-inspector" "node-modules/.bin"
66 error cwd /Users/joshua/git/pub/xy/t/xy
67 error node -v v0.10.33
68 error npm -v 1.4.28
69 error path node-modules/.bin
70 error code ENOENT
71 error errno 34
72 verbose exit [ 34, true ]
